<?xml version="1.0" encoding="UTF-8"?>
<!-- Generated by org.testng.reporters.JUnitReportReporter -->
<testsuite hostname="DESKTOP-VLHIS80" failures="0" tests="10" name="MagentoWebsitesAutomate.MagentoWebsitesAutomate.MyTestCases" time="38.488" errors="0" timestamp="2025-06-09T03:13:16 GMT+03:00" skipped="4">
  <testcase classname="MagentoWebsitesAutomate.MagentoWebsitesAutomate.MyTestCases" name="SearchForProduct" time="5.656"/>
  <testcase classname="MagentoWebsitesAutomate.MagentoWebsitesAutomate.MyTestCases" name="ViewProductDetails" time="11.221"/>
  <testcase classname="MagentoWebsitesAutomate.MagentoWebsitesAutomate.MyTestCases" name="AddProductToCartFromDetailsPage" time="5.897"/>
  <testcase classname="MagentoWebsitesAutomate.MagentoWebsitesAutomate.MyTestCases" name="ProceedToCheckoutTest" time="4.801"/>
  <testcase classname="MagentoWebsitesAutomate.MagentoWebsitesAutomate.MyTestCases" name="PrivacyPolicyAccessibilityTest" time="6.074"/>
  <testcase classname="MagentoWebsitesAutomate.MagentoWebsitesAutomate.MyTestCases" name="errorHandlingOnInvalidInputsTest" time="4.839"/>
  <testcase classname="MagentoWebsitesAutomate.MagentoWebsitesAutomate.MyTestCases" name="LogInFromDatabase">
    <skipped/>
  </testcase> <!-- LogInFromDatabase -->
  <testcase classname="MagentoWebsitesAutomate.MagentoWebsitesAutomate.MyTestCases" name="logoutWithActions">
    <skipped/>
  </testcase> <!-- logoutWithActions -->
  <testcase classname="MagentoWebsitesAutomate.MagentoWebsitesAutomate.MyTestCases" name="EditCartQuantityOrRemoveItemRandomly">
    <skipped/>
  </testcase> <!-- EditCartQuantityOrRemoveItemRandomly -->
  <testcase classname="MagentoWebsitesAutomate.MagentoWebsitesAutomate.MyTestCases" name="SignInFromDatabase">
    <skipped/>
  </testcase> <!-- SignInFromDatabase -->
</testsuite> <!-- MagentoWebsitesAutomate.MagentoWebsitesAutomate.MyTestCases -->
