<?xml version="1.0" encoding="UTF-8"?>
<!-- Generated by org.testng.reporters.JUnitReportReporter -->
<testsuite hostname="DESKTOP-VLHIS80" failures="0" tests="10" name="MagentoWebsitesAutomate.MagentoWebsitesAutomate.AppTest" time="34.410" errors="0" timestamp="2025-06-16T03:18:36 GMT+03:00" skipped="7">
  <testcase classname="MagentoWebsitesAutomate.MagentoWebsitesAutomate.AppTest" name="ViewProductDetails" time="13.928"/>
  <testcase classname="MagentoWebsitesAutomate.MagentoWebsitesAutomate.AppTest" name="AddProductToCartFromDetailsPage" time="12.881"/>
  <testcase classname="MagentoWebsitesAutomate.MagentoWebsitesAutomate.AppTest" name="EditCartQuantityOrRemoveItemRandomly" time="7.601"/>
  <testcase classname="MagentoWebsitesAutomate.MagentoWebsitesAutomate.AppTest" name="SignInFromDatabase">
    <skipped/>
  </testcase> <!-- SignInFromDatabase -->
  <testcase classname="MagentoWebsitesAutomate.MagentoWebsitesAutomate.AppTest" name="LogInFromDatabase">
    <skipped/>
  </testcase> <!-- LogInFromDatabase -->
  <testcase classname="MagentoWebsitesAutomate.MagentoWebsitesAutomate.AppTest" name="logoutWithActions">
    <skipped/>
  </testcase> <!-- logoutWithActions -->
  <testcase classname="MagentoWebsitesAutomate.MagentoWebsitesAutomate.AppTest" name="SearchForProduct">
    <skipped/>
  </testcase> <!-- SearchForProduct -->
  <testcase classname="MagentoWebsitesAutomate.MagentoWebsitesAutomate.AppTest" name="errorHandlingOnInvalidInputsTest">
    <skipped/>
  </testcase> <!-- errorHandlingOnInvalidInputsTest -->
  <testcase classname="MagentoWebsitesAutomate.MagentoWebsitesAutomate.AppTest" name="ProceedToCheckoutTest">
    <skipped/>
  </testcase> <!-- ProceedToCheckoutTest -->
  <testcase classname="MagentoWebsitesAutomate.MagentoWebsitesAutomate.AppTest" name="PrivacyPolicyAccessibilityTest">
    <skipped/>
  </testcase> <!-- PrivacyPolicyAccessibilityTest -->
</testsuite> <!-- MagentoWebsitesAutomate.MagentoWebsitesAutomate.AppTest -->
