<?xml version="1.0" encoding="UTF-8"?>
<!-- Generated by org.testng.reporters.JUnitReportReporter -->
<testsuite hostname="DESKTOP-VLHIS80" failures="0" tests="10" name="MagentoWebsitesAutomate.MagentoWebsitesAutomate.AppTest" time="22.109" errors="0" timestamp="2025-06-12T01:52:23 GMT+03:00" skipped="6">
  <testcase classname="MagentoWebsitesAutomate.MagentoWebsitesAutomate.AppTest" name="SearchForProduct" time="7.538"/>
  <testcase classname="MagentoWebsitesAutomate.MagentoWebsitesAutomate.AppTest" name="ProceedToCheckoutTest" time="5.949"/>
  <testcase classname="MagentoWebsitesAutomate.MagentoWebsitesAutomate.AppTest" name="EditCartQuantityOrRemoveItemRandomly" time="2.130"/>
  <testcase classname="MagentoWebsitesAutomate.MagentoWebsitesAutomate.AppTest" name="PrivacyPolicyAccessibilityTest" time="6.492"/>
  <testcase classname="MagentoWebsitesAutomate.MagentoWebsitesAutomate.AppTest" name="SignInFromDatabase">
    <skipped/>
  </testcase> <!-- SignInFromDatabase -->
  <testcase classname="MagentoWebsitesAutomate.MagentoWebsitesAutomate.AppTest" name="AddProductToCartFromDetailsPage">
    <skipped/>
  </testcase> <!-- AddProductToCartFromDetailsPage -->
  <testcase classname="MagentoWebsitesAutomate.MagentoWebsitesAutomate.AppTest" name="LogInFromDatabase">
    <skipped/>
  </testcase> <!-- LogInFromDatabase -->
  <testcase classname="MagentoWebsitesAutomate.MagentoWebsitesAutomate.AppTest" name="ViewProductDetails">
    <skipped/>
  </testcase> <!-- ViewProductDetails -->
  <testcase classname="MagentoWebsitesAutomate.MagentoWebsitesAutomate.AppTest" name="logoutWithActions">
    <skipped/>
  </testcase> <!-- logoutWithActions -->
  <testcase classname="MagentoWebsitesAutomate.MagentoWebsitesAutomate.AppTest" name="errorHandlingOnInvalidInputsTest">
    <skipped/>
  </testcase> <!-- errorHandlingOnInvalidInputsTest -->
</testsuite> <!-- MagentoWebsitesAutomate.MagentoWebsitesAutomate.AppTest -->
